<?xml version="1.0" encoding="UTF-8"?>
<testng-results ignored="0" total="1" passed="1" failed="0" skipped="0">
  <reporter-output>
  </reporter-output>
  <suite started-at="2025-05-06T00:03:04 IST" name="Default suite" finished-at="2025-05-06T00:03:06 IST" duration-ms="1461">
    <groups>
    </groups>
    <test started-at="2025-05-06T00:03:04 IST" name="Default test" finished-at="2025-05-06T00:03:06 IST" duration-ms="1461">
      <class name="day3.HeadersDemo">
        <test-method signature="getHeaders()[pri:2, instance:day3.HeadersDemo@4febb875]" started-at="2025-05-06T00:03:04 IST" name="getHeaders" finished-at="2025-05-06T00:03:06 IST" duration-ms="1425" status="PASS">
          <reporter-output>
          </reporter-output>
        </test-method> <!-- getHeaders -->
      </class> <!-- day3.HeadersDemo -->
    </test> <!-- Default test -->
  </suite> <!-- Default suite -->
</testng-results>
